INFO:werkzeug: * Running on http://127.0.0.1:5000/ (Press CTRL+C to quit)
INFO:werkzeug: * Restarting with stat
WARNING:werkzeug: * Debugger is active!
INFO:werkzeug: * Debugger PIN: 115-166-936
INFO:werkzeug:127.0.0.1 - - [27/Mar/2022 12:27:34] "GET / HTTP/1.1" 200 -
INFO:werkzeug:127.0.0.1 - - [27/Mar/2022 12:27:34] "[36mGET /static/style.css HTTP/1.1[0m" 304 -
INFO:root:Слово для поиска: 1
INFO:werkzeug:127.0.0.1 - - [27/Mar/2022 12:27:38] "GET /search/?s=1 HTTP/1.1" 200 -
INFO:werkzeug:127.0.0.1 - - [27/Mar/2022 12:27:38] "[36mGET /static/style.css HTTP/1.1[0m" 304 -
INFO:werkzeug:127.0.0.1 - - [27/Mar/2022 12:27:38] "GET /uploads/images/cat.png HTTP/1.1" 200 -
INFO:werkzeug: * Running on http://127.0.0.1:5000/ (Press CTRL+C to quit)
INFO:werkzeug: * Restarting with stat
WARNING:werkzeug: * Debugger is active!
INFO:werkzeug: * Debugger PIN: 115-166-936
INFO:werkzeug: * Detected change in '/home/andrew/PycharmProjects/pythonProject/Curse_2/lesson12_project_source_v3/main/main.py', reloading
INFO:werkzeug: * Restarting with stat
WARNING:werkzeug: * Debugger is active!
INFO:werkzeug: * Debugger PIN: 115-166-936
INFO:werkzeug: * Detected change in '/home/andrew/PycharmProjects/pythonProject/Curse_2/lesson12_project_source_v3/main/main.py', reloading
INFO:werkzeug: * Restarting with stat
WARNING:werkzeug: * Debugger is active!
INFO:werkzeug: * Debugger PIN: 115-166-936
INFO:werkzeug: * Detected change in '/home/andrew/PycharmProjects/pythonProject/Curse_2/lesson12_project_source_v3/functions.py', reloading
INFO:werkzeug: * Restarting with stat
WARNING:werkzeug: * Debugger is active!
INFO:werkzeug: * Debugger PIN: 115-166-936
INFO:werkzeug: * Detected change in '/home/andrew/PycharmProjects/pythonProject/Curse_2/lesson12_project_source_v3/loader/loader.py', reloading
INFO:werkzeug: * Restarting with stat
WARNING:werkzeug: * Debugger is active!
INFO:werkzeug: * Debugger PIN: 115-166-936
INFO:werkzeug: * Detected change in '/home/andrew/PycharmProjects/pythonProject/Curse_2/lesson12_project_source_v3/loader/loader.py', reloading
INFO:werkzeug: * Restarting with stat
WARNING:werkzeug: * Debugger is active!
INFO:werkzeug: * Debugger PIN: 115-166-936
INFO:werkzeug: * Detected change in '/home/andrew/PycharmProjects/pythonProject/Curse_2/lesson12_project_source_v3/main/main.py', reloading
INFO:werkzeug: * Restarting with stat
WARNING:werkzeug: * Debugger is active!
INFO:werkzeug: * Debugger PIN: 115-166-936
